2018-06-11 11:37:13,704 Instabot Started
2018-06-11 11:37:15,019 Logged-in successfully as 'nata_viktor_photo'!
2018-06-11 11:37:15,020 Saved cookie!
2018-06-11 11:37:15,021 Going to like media with hashtag #top_kherson.
2018-06-11 11:37:15,483 Bot stopped. Worked: 0:00:01.779040
2018-06-11 11:37:15,483 Total requests: 3
2018-06-11 11:37:39,653 Instabot Started
2018-06-11 11:37:39,655 Logged-in successfully as 'nata_viktor_photo' using the cookie!
2018-06-11 11:37:39,661 Going to like media with hashtag #top_kherson.
2018-06-11 11:37:40,067 Bot stopped. Worked: 0:00:26.363692
2018-06-11 11:37:40,068 Total requests: 3
2018-06-11 11:44:51,370 Instabot Started
2018-06-11 11:44:51,371 Logged-in successfully as 'nata_viktor_photo' using the cookie!
2018-06-11 11:44:51,371 Going to like media with hashtag #top_kherson.
2018-06-11 11:44:53,807 Going to like 77 medias.
2018-06-11 11:45:03,534 Bot stopped. Worked: 0:07:49.830088
2018-06-11 11:45:03,535 Total likes: 1
2018-06-11 11:45:03,536 Total requests: 5
2018-06-11 11:45:23,342 Instabot Started
2018-06-11 11:45:23,344 Logged-in successfully as 'nata_viktor_photo' using the cookie!
2018-06-11 11:45:23,345 Going to like media with hashtag #top_kherson.
2018-06-11 11:45:23,738 Bot stopped. Worked: 0:08:10.034240
2018-06-11 11:45:23,738 Total likes: 1
2018-06-11 11:45:23,739 Total requests: 5
2018-06-11 11:48:51,312 Instabot Started
2018-06-11 11:48:51,313 Logged-in successfully as 'nata_viktor_photo' using the cookie!
2018-06-11 11:48:51,313 Going to like media with hashtag #top_kherson.
2018-06-11 11:48:53,813 Going to like 77 medias.
2018-06-11 11:48:59,680 Bot stopped. Worked: 0:11:45.976635
2018-06-11 11:48:59,682 Total likes: 2
2018-06-11 11:48:59,682 Total requests: 7
2018-06-11 11:50:24,399 Instabot Started
2018-06-11 11:50:24,400 Logged-in successfully as 'nata_viktor_photo' using the cookie!
2018-06-11 11:50:24,400 Going to like media with hashtag #top_kherson.
2018-06-11 11:50:26,924 Going to like 77 medias.
2018-06-11 11:50:56,157 Request returns 400 error!
2018-06-11 11:50:56,157 Instagram's error message: Sorry, you cannot like this media
2018-06-11 11:51:06,158 DONE: Total liked 3 medias.
2018-06-11 11:51:06,158 Going to like media with hashtag #vip_kherson.
2018-06-11 11:51:08,639 Going to like 76 medias.
2018-06-11 11:52:11,750 Bot stopped. Worked: 0:14:58.046385
2018-06-11 11:52:11,751 Total likes: 4
2018-06-11 11:52:11,752 Total requests: 12
2018-06-11 11:52:16,819 Instabot Started
2018-06-11 11:52:16,820 Logged-in successfully as 'nata_viktor_photo' using the cookie!
2018-06-11 11:52:16,820 Going to like media with hashtag #top_kherson.
2018-06-11 11:52:19,075 Going to like 76 medias.
2018-06-11 11:55:11,596 Bot stopped. Worked: 0:17:57.892568
2018-06-11 11:55:11,598 Total likes: 7
2018-06-11 11:55:11,598 Total requests: 16
2018-06-11 11:55:56,201 Instabot Started
2018-06-11 11:55:56,211 Logged-in successfully as 'nata_viktor_photo' using the cookie!
2018-06-11 11:55:56,211 Going to like media with hashtag #top_kherson.
2018-06-11 11:55:58,694 Going to like 76 medias.
2018-06-11 11:56:48,195 Bot stopped. Worked: 0:19:34.491734
2018-06-11 11:56:48,197 Total likes: 9
2018-06-11 11:56:48,197 Total requests: 19
