Script launched on MAC OS
Bot launched on MAC OS
SETTINGS: max_likes: 900, delay: 90
Cookie file `cookie.txt` not found
Script launched on MAC OS
Bot launched on MAC OS
SETTINGS: max_likes: 900, delay: 90
Script launched on MAC OS
Bot launched on MAC OS
SETTINGS: max_likes: 900, delay: 90
Script launched on MAC OS
Bot launched on MAC OS
SETTINGS: max_likes: 900, delay: 90
Script launched on MAC OS
Bot launched on MAC OS
SETTINGS: max_likes: 900, delay: 90
Script launched on MAC OS
Bot launched on MAC OS
SETTINGS: max_likes: 900, delay: 90
Script launched on MAC OS
Bot launched on MAC OS
SETTINGS: max_likes: 900, delay: 90
Script launched on MAC OS
11:55:55 Bot launched on MAC OS
SETTINGS: max_likes: 900, delay: 90
Script launched on MAC OS
11:56:51 Bot launched on MAC OS
Script launched on MAC OS
16:11:53 Bot launched on MAC OS
SETTINGS: max_likes: 900, delay: 90
Script launched on MAC OS
16:24:59 Bot launched on MAC OS
SETTINGS: max_likes: 900, delay: 90
Script launched on MAC OS
16:26:56 Bot launched on MAC OS
SETTINGS: max_likes: 900, delay: 90
Script launched on MAC OS
16:29:3 Bot launched on MAC OS
SETTINGS: max_likes: 900, delay: 90
Script launched on MAC OS
16:34:27 Bot launched on MAC OS
SETTINGS: max_likes: 900, delay: 90
Script launched on MAC OS
16:36:18 Bot launched on MAC OS
SETTINGS: max_likes: 900, delay: 90
Script launched on MAC OS
16:38:51 Bot launched on MAC OS
SETTINGS: max_likes: 900, delay: 90
Script launched on MAC OS
16:40:47 Bot launched on MAC OS
SETTINGS: max_likes: 900, delay: 90
Script launched on MAC OS
16:45:12 Bot launched on MAC OS
SETTINGS: max_likes: 900, delay: 90
Script launched on MAC OS
16:49:50 Bot launched on MAC OS
SETTINGS: max_likes: 900, delay: 90
Script launched on MAC OS
16:50:29 Bot launched on MAC OS
Script launched on MAC OS
16:51:53 Bot launched on MAC OS
SETTINGS: max_likes: 900, delay: 90
Script launched on MAC OS
16:52:41 Bot launched on MAC OS
Script launched on MAC OS
17:15:46 Bot launched on MAC OS
Script launched on MAC OS
17:16:6 Bot launched on MAC OS
Script launched on MAC OS
17:16:26 Bot launched on MAC OS
Script launched on MAC OS
17:17:6 Bot launched on MAC OS
Script launched on MAC OS
17:18:56 Bot launched on MAC OS
SETTINGS: max_likes: 900, delay: 90
Script launched on MAC OS
17:21:47 Bot launched on MAC OS
SETTINGS: max_likes: 900, delay: 90
