2018-06-10 14:17:08,541 Instabot Started
2018-06-10 14:17:09,821 Logged-in successfully as 'rich_kherson'!
2018-06-10 14:17:09,822 Saved cookie!
2018-06-10 14:17:09,822 Going to like media with hashtag #vip_kherson.
2018-06-10 14:17:12,252 Going to like 69 medias.
2018-06-10 14:23:01,494 Instabot Started
2018-06-10 14:23:01,495 Logged-in successfully as 'rich_kherson' using the cookie!
2018-06-10 14:23:01,496 Going to like media with hashtag #top_kherson.
2018-06-10 14:23:04,073 Going to like 82 medias.
2018-06-10 14:55:44,856 Request returns 400 error!
2018-06-10 14:55:44,857 Instagram's error message: Sorry, you cannot like this media
2018-06-10 14:55:54,867 DONE: Total liked 28 medias.
2018-06-10 14:55:54,876 Going to like media with hashtag #vip_kherson.
2018-06-10 14:55:57,225 Going to like 69 medias.
2018-06-11 11:37:13,704 Instabot Started
2018-06-11 11:37:13,713 Logged-in successfully as 'rich_kherson' using the cookie!
2018-06-11 11:37:13,715 Going to like media with hashtag #top_kherson.
2018-06-11 11:37:14,229 Bot stopped. Worked: 0:00:00.525064
2018-06-11 11:37:14,229 Total requests: 1
2018-06-11 11:44:51,770 Instabot Started
2018-06-11 11:44:51,772 Logged-in successfully as 'rich_kherson' using the cookie!
2018-06-11 11:44:51,772 Going to like media with hashtag #top_kherson.
2018-06-11 11:44:53,875 Going to like 76 medias.
2018-06-11 11:45:03,497 Bot stopped. Worked: 0:07:49.793456
2018-06-11 11:45:03,499 Total likes: 1
2018-06-11 11:45:03,499 Total requests: 3
2018-06-11 11:48:51,679 Instabot Started
2018-06-11 11:48:51,681 Logged-in successfully as 'rich_kherson' using the cookie!
2018-06-11 11:48:51,681 Going to like media with hashtag #top_kherson.
2018-06-11 11:48:53,996 Going to like 76 medias.
2018-06-11 11:48:59,680 Bot stopped. Worked: 0:11:45.976685
2018-06-11 11:48:59,682 Total likes: 2
2018-06-11 11:48:59,682 Total requests: 5
2018-06-11 11:50:24,823 Instabot Started
2018-06-11 11:50:24,824 Logged-in successfully as 'rich_kherson' using the cookie!
2018-06-11 11:50:24,824 Going to like media with hashtag #top_kherson.
2018-06-11 11:50:27,068 Going to like 76 medias.
2018-06-11 11:51:37,282 Request returns 400 error!
2018-06-11 11:51:37,282 Instagram's error message: Sorry, you cannot like this media
2018-06-11 11:51:47,284 DONE: Total liked 3 medias.
2018-06-11 11:51:47,285 Going to like media with hashtag #vip_kherson.
2018-06-11 11:51:49,618 Going to like 73 medias.
2018-06-11 11:52:11,836 Bot stopped. Worked: 0:14:58.132604
2018-06-11 11:52:11,837 Total likes: 3
2018-06-11 11:52:11,838 Total requests: 9
2018-06-11 11:52:17,238 Instabot Started
2018-06-11 11:52:17,240 Logged-in successfully as 'rich_kherson' using the cookie!
2018-06-11 11:52:17,240 Going to like media with hashtag #top_kherson.
2018-06-11 11:52:19,462 Going to like 75 medias.
2018-06-11 11:55:11,539 Bot stopped. Worked: 0:17:57.835188
2018-06-11 11:55:11,540 Total likes: 7
2018-06-11 11:55:11,541 Total requests: 14
2018-06-11 11:55:56,651 Instabot Started
2018-06-11 11:55:56,652 Logged-in successfully as 'rich_kherson' using the cookie!
2018-06-11 11:55:56,652 Going to like media with hashtag #top_kherson.
2018-06-11 11:55:58,732 Going to like 75 medias.
2018-06-11 11:56:48,237 Bot stopped. Worked: 0:19:34.533498
2018-06-11 11:56:48,238 Total likes: 9
2018-06-11 11:56:48,239 Total requests: 17
